SF:lib/main.dart
DA:14,2
DA:16,1
DA:17,1
DA:21,1
DA:23,1
DA:25,1
DA:26,1
DA:27,1
LF:8
LH:8
end_of_record
SF:lib/src/utils/routes.dart
DA:7,3
DA:8,3
DA:10,3
DA:11,1
DA:12,1
DA:13,1
DA:14,1
DA:15,1
DA:16,2
DA:18,1
DA:19,1
DA:20,1
DA:22,1
DA:24,1
DA:25,3
DA:26,1
DA:27,2
DA:32,1
DA:36,1
DA:39,1
DA:40,1
DA:41,1
DA:42,2
DA:43,2
DA:49,1
DA:53,1
DA:54,2
DA:55,2
DA:66,1
DA:67,1
DA:68,1
DA:69,1
DA:70,1
DA:72,1
DA:76,1
DA:77,1
DA:78,1
DA:79,1
DA:81,1
LF:39
LH:39
end_of_record
SF:lib/src/pages/example.dart
DA:5,1
DA:7,1
DA:8,1
DA:15,1
DA:17,2
DA:19,1
DA:20,1
DA:21,1
DA:22,1
DA:27,1
DA:29,1
DA:32,1
DA:34,1
DA:42,1
DA:43,1
DA:45,1
DA:46,1
DA:47,1
DA:48,1
DA:49,1
DA:50,1
DA:51,1
DA:52,1
DA:55,1
DA:57,1
DA:58,1
DA:59,1
DA:61,0
DA:62,0
DA:71,1
DA:72,0
DA:73,0
DA:74,0
DA:76,0
DA:83,1
DA:84,1
DA:86,0
DA:88,1
DA:89,1
DA:90,1
DA:91,1
DA:96,1
DA:97,1
DA:99,1
DA:101,1
DA:102,1
DA:103,1
DA:105,1
DA:107,0
DA:109,1
DA:112,0
DA:113,0
DA:115,1
DA:117,1
DA:118,1
DA:119,0
DA:120,0
DA:123,1
DA:124,1
DA:126,1
DA:127,1
DA:128,1
DA:130,1
DA:131,1
DA:138,1
DA:139,1
DA:141,1
DA:142,8
DA:147,1
DA:148,0
DA:149,1
DA:150,1
DA:151,1
DA:154,1
DA:156,2
DA:157,0
DA:165,1
DA:166,1
DA:167,1
DA:169,0
DA:170,0
DA:173,1
DA:177,0
DA:179,1
DA:187,0
DA:188,1
DA:189,1
DA:190,1
DA:191,1
DA:197,1
DA:199,1
DA:200,1
DA:201,2
DA:202,2
DA:203,2
DA:204,2
DA:205,2
DA:206,1
DA:208,1
DA:210,1
DA:211,1
DA:212,1
DA:213,1
DA:214,1
DA:215,1
DA:219,1
DA:220,1
DA:222,1
DA:224,1
DA:225,1
DA:233,1
DA:234,1
DA:236,1
DA:238,0
DA:241,1
DA:242,1
DA:247,0
DA:248,0
DA:249,0
DA:252,1
DA:265,1
DA:266,1
DA:268,1
DA:270,1
DA:271,1
DA:272,1
DA:278,1
LF:127
LH:105
end_of_record
SF:lib/src/pages/home.dart
DA:5,1
DA:7,1
LF:2
LH:2
end_of_record
